<?xml version="1.0" encoding="UTF-8"?>
<coverage generated="1618784365067" clover="3.2.0">
  <project timestamp="1618784365067" name="All files">
    <metrics statements="5" coveredstatements="0" conditionals="2" coveredconditionals="0" methods="1" coveredmethods="0" elements="8" coveredelements="0" complexity="0" loc="5" ncloc="5" packages="1" files="1" classes="1"/>
    <file name="urlChecker.js" path="F:\advanced frontend nanodegree\first-pro-nano-week\fend\src\client\js\urlChecker.js">
      <metrics statements="5" coveredstatements="0" conditionals="2" coveredconditionals="0" methods="1" coveredmethods="0"/>
      <line num="2" count="0" type="stmt"/>
      <line num="3" count="0" type="stmt"/>
      <line num="5" count="0" type="cond" truecount="0" falsecount="2"/>
      <line num="6" count="0" type="stmt"/>
      <line num="8" count="0" type="stmt"/>
    </file>
  </project>
</coverage>
